c:\users\stell\source\repos\mfcapplication4\mfcapplication4\x64\debug\mfcapplication4.pch
c:\users\stell\source\repos\mfcapplication4\mfcapplication4\x64\debug\vc143.pdb
c:\users\stell\source\repos\mfcapplication4\mfcapplication4\x64\debug\vc143.idb
c:\users\stell\source\repos\mfcapplication4\mfcapplication4\x64\debug\pch.obj
c:\users\stell\source\repos\mfcapplication4\mfcapplication4\x64\debug\view1.obj
c:\users\stell\source\repos\mfcapplication4\mfcapplication4\x64\debug\softwarekeyboarddlg.obj
c:\users\stell\source\repos\mfcapplication4\mfcapplication4\x64\debug\mfcapplication4.obj
c:\users\stell\source\repos\mfcapplication4\mfcapplication4\x64\debug\keybutton.obj
c:\users\stell\source\repos\mfcapplication4\mfcapplication4\x64\debug\inplaceedit.obj
c:\users\stell\source\repos\mfcapplication4\mfcapplication4\x64\debug\gridctrl.obj
c:\users\stell\source\repos\mfcapplication4\mfcapplication4\x64\debug\cview2.obj
c:\users\stell\source\repos\mfcapplication4\mfcapplication4\x64\debug\cmyedit.obj
c:\users\stell\source\repos\mfcapplication4\mfcapplication4\x64\debug\cmydialog3.obj
c:\users\stell\source\repos\mfcapplication4\mfcapplication4\x64\debug\cmydialog2.obj
c:\users\stell\source\repos\mfcapplication4\mfcapplication4\x64\debug\centeredit.obj
c:\users\stell\source\repos\mfcapplication4\mfcapplication4\x64\debug\mfcapplication4dlg.obj
c:\users\stell\source\repos\mfcapplication4\mfcapplication4\x64\debug\cmydialog.obj
c:\users\stell\source\repos\mfcapplication4\x64\debug\mfcapplication4.exe
c:\users\stell\source\repos\mfcapplication4\x64\debug\mfcapplication4.pdb
c:\users\stell\source\repos\mfcapplication4\mfcapplication4\x64\debug\mfcapplication4.res
c:\users\stell\source\repos\mfcapplication4\mfcapplication4\x64\debug\mfcapplication4.ilk
c:\users\stell\source\repos\mfcapplication4\mfcapplication4\x64\debug\mfcapplication4.tlog\cl.command.1.tlog
c:\users\stell\source\repos\mfcapplication4\mfcapplication4\x64\debug\mfcapplication4.tlog\cl.items.tlog
c:\users\stell\source\repos\mfcapplication4\mfcapplication4\x64\debug\mfcapplication4.tlog\cl.read.1.tlog
c:\users\stell\source\repos\mfcapplication4\mfcapplication4\x64\debug\mfcapplication4.tlog\cl.write.1.tlog
c:\users\stell\source\repos\mfcapplication4\mfcapplication4\x64\debug\mfcapplication4.tlog\link.command.1.tlog
c:\users\stell\source\repos\mfcapplication4\mfcapplication4\x64\debug\mfcapplication4.tlog\link.read.1.tlog
c:\users\stell\source\repos\mfcapplication4\mfcapplication4\x64\debug\mfcapplication4.tlog\link.secondary.1.tlog
c:\users\stell\source\repos\mfcapplication4\mfcapplication4\x64\debug\mfcapplication4.tlog\link.write.1.tlog
c:\users\stell\source\repos\mfcapplication4\mfcapplication4\x64\debug\mfcapplication4.tlog\rc.command.1.tlog
c:\users\stell\source\repos\mfcapplication4\mfcapplication4\x64\debug\mfcapplication4.tlog\rc.read.1.tlog
c:\users\stell\source\repos\mfcapplication4\mfcapplication4\x64\debug\mfcapplication4.tlog\rc.write.1.tlog
